<?xml version="1.0" encoding="UTF-8"?>
<!-- Generated by org.testng.reporters.JUnitReportReporter -->
<testsuite hostname="LAPTOP-P3VHC49B" failures="0" tests="2" name="testCases.Sample" time="0.013" errors="0" timestamp="2022-12-20T20:33:21 IST" skipped="0">
  <testcase classname="testCases.Sample" name="test2" time="0.008"/>
  <system-out/>
  <testcase classname="testCases.Sample" name="test1" time="0.005"/>
  <system-out/>
</testsuite> <!-- testCases.Sample -->
