<?xml version="1.0" encoding="UTF-8"?>
<!-- Generated by org.testng.reporters.JUnitReportReporter -->
<testsuite hostname="LAPTOP-P3VHC49B" failures="0" tests="5" name="testCases.ExcelDataProvider" time="95.748" errors="0" timestamp="2023-01-05T19:33:48 IST" skipped="0">
  <testcase classname="testCases.ExcelDataProvider" name="createContact" time="20.938"/>
  <system-out/>
  <testcase classname="testCases.ExcelDataProvider" name="createContact" time="19.620"/>
  <system-out/>
  <testcase classname="testCases.ExcelDataProvider" name="createContact" time="21.285"/>
  <system-out/>
  <testcase classname="testCases.ExcelDataProvider" name="createContact" time="17.286"/>
  <system-out/>
  <testcase classname="testCases.ExcelDataProvider" name="createContact" time="16.619"/>
  <system-out/>
</testsuite> <!-- testCases.ExcelDataProvider -->
